<?xml version="1.0" encoding="UTF-8" ?>
<testsuite tests="5" failures="0" name="br.com.xmrtecnologia.task.APITest" time="0.961" errors="0" skipped="0">
  <properties>
    <property name="java.runtime.name" value="Java(TM) SE Runtime Environment"/>
    <property name="java.vm.version" value="11.0.17+10-LTS-269"/>
    <property name="sun.boot.library.path" value="C:\java\current\bin"/>
    <property name="maven.multiModuleProjectDirectory" value="C:\Cursos\Integração contínua com testes, utilizando Jenkins\devops\tasks-api-test\api-test"/>
    <property name="java.vm.vendor" value="Oracle Corporation"/>
    <property name="java.vendor.url" value="https://openjdk.java.net/"/>
    <property name="guice.disable.misplaced.annotation.check" value="true"/>
    <property name="path.separator" value=";"/>
    <property name="java.vm.name" value="Java HotSpot(TM) 64-Bit Server VM"/>
    <property name="sun.os.patch.level" value=""/>
    <property name="user.script" value=""/>
    <property name="user.country" value="BR"/>
    <property name="sun.java.launcher" value="SUN_STANDARD"/>
    <property name="java.vm.specification.name" value="Java Virtual Machine Specification"/>
    <property name="user.dir" value="C:\Cursos\Integração contínua com testes, utilizando Jenkins\devops\tasks-api-test\api-test"/>
    <property name="java.vm.compressedOopsMode" value="Zero based"/>
    <property name="java.runtime.version" value="11.0.17+10-LTS-269"/>
    <property name="java.awt.graphicsenv" value="sun.awt.Win32GraphicsEnvironment"/>
    <property name="os.arch" value="amd64"/>
    <property name="java.io.tmpdir" value="C:\Users\MARCON~1\AppData\Local\Temp\"/>
    <property name="line.separator" value="
"/>
    <property name="java.vm.specification.vendor" value="Oracle Corporation"/>
    <property name="user.variant" value=""/>
    <property name="os.name" value="Windows 11"/>
    <property name="classworlds.conf" value="C:\apache-maven-3.8.8\bin\m2.conf"/>
    <property name="sun.jnu.encoding" value="Cp1252"/>
    <property name="java.library.path" value="C:\java\current\bin;C:\WINDOWS\Sun\Java\bin;C:\WINDOWS\system32;C:\WINDOWS;C:\Program Files\PowerShell\7;C:\java\current\bin;C:\apache-maven-3.8.8\bin;C:\WINDOWS\system32;C:\WINDOWS;C:\WINDOWS\System32\Wbem;C:\WINDOWS\System32\WindowsPowerShell\v1.0\;C:\WINDOWS\System32\OpenSSH\;C:\Program Files (x86)\Common Files\Oracle\Java\javapath;C:\Program Files\Microsoft VS Code\bin;C:\Program Files\Git\cmd;C:\Users\Marco Nunes\fvm\default\bin;C:\Users\Marco Nunes\fvm\default\bin\bin;C:\Program Files\dotnet\;C:\Program Files (x86)\IncrediBuild;C:\cmder;C:\Program Files (x86)\pgmodeler;C:\AndroidSDK\platform-tools;C:\AndroidSDK\tools\bin;C:\ProgramData\chocolatey\bin;C:\Users\Marco Nunes\AppData\Local\Pub\Cache\bin;C:\Users\Marco Nunes\AppData\Roaming\Pub\Cache\bin;C:\tools\dart-sdk\bin;C:\Program Files\PowerShell\7\;C:\python\current\;C:\python\current\Scripts\;C:\Program Files\Docker\Docker\resources\bin;C:\Program Files\TortoiseGit\bin;C:\Users\Marco Nunes\AppData\Local\Programs\Python\Launcher\;C:\Users\Marco Nunes\AppData\Local\Microsoft\WindowsApps;C:\Program Files\JetBrains\IntelliJ IDEA Community Edition 2022.3\bin;;C:\Users\Marco Nunes\.dotnet\tools;C:\Program Files\heroku\bin;C:\Users\Marco Nunes\AppData\Roaming\Pub\Cache\bin;;."/>
    <property name="maven.conf" value="C:\apache-maven-3.8.8/conf"/>
    <property name="jdk.debug" value="release"/>
    <property name="java.class.version" value="55.0"/>
    <property name="java.specification.name" value="Java Platform API Specification"/>
    <property name="sun.management.compiler" value="HotSpot 64-Bit Tiered Compilers"/>
    <property name="os.version" value="10.0"/>
    <property name="library.jansi.path" value="C:\apache-maven-3.8.8\lib\jansi-native"/>
    <property name="user.home" value="C:\Users\Marco Nunes"/>
    <property name="user.timezone" value="America/Sao_Paulo"/>
    <property name="java.awt.printerjob" value="sun.awt.windows.WPrinterJob"/>
    <property name="file.encoding" value="Cp1252"/>
    <property name="java.specification.version" value="11"/>
    <property name="user.name" value="Marco Nunes"/>
    <property name="java.class.path" value="C:\apache-maven-3.8.8\boot\plexus-classworlds-2.6.0.jar"/>
    <property name="java.vm.specification.version" value="11"/>
    <property name="sun.arch.data.model" value="64"/>
    <property name="sun.java.command" value="org.codehaus.plexus.classworlds.launcher.Launcher package"/>
    <property name="java.home" value="C:\java\current"/>
    <property name="user.language" value="pt"/>
    <property name="java.specification.vendor" value="Oracle Corporation"/>
    <property name="awt.toolkit" value="sun.awt.windows.WToolkit"/>
    <property name="java.vm.info" value="mixed mode"/>
    <property name="java.version" value="11.0.17"/>
    <property name="java.vendor" value="Oracle Corporation"/>
    <property name="sun.stderr.encoding" value="cp850"/>
    <property name="maven.home" value="C:\apache-maven-3.8.8"/>
    <property name="file.separator" value="\"/>
    <property name="java.version.date" value="2022-10-18"/>
    <property name="java.vendor.url.bug" value="https://bugreport.java.com/bugreport/"/>
    <property name="sun.io.unicode.encoding" value="UnicodeLittle"/>
    <property name="sun.cpu.endian" value="little"/>
    <property name="java.vendor.version" value="18.9"/>
    <property name="sun.stdout.encoding" value="cp850"/>
    <property name="sun.desktop" value="windows"/>
    <property name="sun.cpu.isalist" value="amd64"/>
  </properties>
  <testcase classname="br.com.xmrtecnologia.task.APITest" name="naoDeveAdicionarTarefaInvalida" time="0.862"/>
  <testcase classname="br.com.xmrtecnologia.task.APITest" name="testGetTest" time="0.055"/>
  <testcase classname="br.com.xmrtecnologia.task.APITest" name="deveRetornarTarefasTest" time="0.011"/>
  <testcase classname="br.com.xmrtecnologia.task.APITest" name="deveAdicionarTarefaComSucessoTest" time="0.016"/>
  <testcase classname="br.com.xmrtecnologia.task.APITest" name="testPostTest" time="0.017"/>
</testsuite>